# JRE version: Java(TM) SE Runtime Environment (8.0_341-b10) (build 1.8.0_341-b10)
# Java VM: Java HotSpot(TM) 64-Bit Server VM (25.341-b10 mixed mode windows-amd64 compressed oops)
Heap:
 PSYoungGen      total 235520K, used 74375K [0x000000076b500000, 0x000000077b400000, 0x00000007c0000000)
  eden space 219136K, 26% used [0x000000076b500000,0x000000076eda3190,0x0000000778b00000)
  from space 16384K, 99% used [0x0000000779400000,0x000000077a3feb78,0x000000077a400000)
  to   space 10752K, 0% used [0x000000077a980000,0x000000077a980000,0x000000077b400000)
 ParOldGen       total 254464K, used 26876K [0x00000006c1e00000, 0x00000006d1680000, 0x000000076b500000)
  object space 254464K, 10% used [0x00000006c1e00000,0x00000006c383f040,0x00000006d1680000)
 Metaspace       used 69644K, capacity 73890K, committed 74112K, reserved 1114112K
  class space    used 9373K, capacity 10063K, committed 10112K, reserved 1048576K
GC Heap History (10 events):
Event: 5.213 GC heap before
{Heap before GC invocations=10 (full 2):
 PSYoungGen      total 145408K, used 144108K [0x000000076b500000, 0x0000000778580000, 0x00000007c0000000)
  eden space 133120K, 100% used [0x000000076b500000,0x0000000773700000,0x0000000773700000)
  from space 12288K, 89% used [0x0000000773700000,0x00000007741bb008,0x0000000774300000)
  to   space 13312K, 0% used [0x0000000777880000,0x0000000777880000,0x0000000778580000)
 ParOldGen       total 178176K, used 14402K [0x00000006c1e00000, 0x00000006ccc00000, 0x000000076b500000)
  object space 178176K, 8% used [0x00000006c1e00000,0x00000006c2c109c8,0x00000006ccc00000)
 Metaspace       used 51526K, capacity 54488K, committed 54656K, reserved 1095680K
  class space    used 6995K, capacity 7488K, committed 7552K, reserved 1048576K
Event: 5.225 GC heap after
Heap after GC invocations=10 (full 2):
 PSYoungGen      total 197632K, used 13299K [0x000000076b500000, 0x0000000778b00000, 0x00000007c0000000)
  eden space 184320K, 0% used [0x000000076b500000,0x000000076b500000,0x0000000776900000)
  from space 13312K, 99% used [0x0000000777880000,0x000000077857cf00,0x0000000778580000)
  to   space 15872K, 0% used [0x0000000776900000,0x0000000776900000,0x0000000777880000)
 ParOldGen       total 178176K, used 17275K [0x00000006c1e00000, 0x00000006ccc00000, 0x000000076b500000)
  object space 178176K, 9% used [0x00000006c1e00000,0x00000006c2edec20,0x00000006ccc00000)
 Metaspace       used 51526K, capacity 54488K, committed 54656K, reserved 1095680K
  class space    used 6995K, capacity 7488K, committed 7552K, reserved 1048576K
}
Event: 5.709 GC heap before
{Heap before GC invocations=11 (full 2):
 PSYoungGen      total 197632K, used 98823K [0x000000076b500000, 0x0000000778b00000, 0x00000007c0000000)
  eden space 184320K, 46% used [0x000000076b500000,0x0000000770884e10,0x0000000776900000)
  from space 13312K, 99% used [0x0000000777880000,0x000000077857cf00,0x0000000778580000)
  to   space 15872K, 0% used [0x0000000776900000,0x0000000776900000,0x0000000777880000)
 ParOldGen       total 178176K, used 17275K [0x00000006c1e00000, 0x00000006ccc00000, 0x000000076b500000)
  object space 178176K, 9% used [0x00000006c1e00000,0x00000006c2edec20,0x00000006ccc00000)
 Metaspace       used 55632K, capacity 58860K, committed 59136K, reserved 1099776K
  class space    used 7648K, capacity 8192K, committed 8192K, reserved 1048576K
Event: 5.719 GC heap after
Heap after GC invocations=11 (full 2):
 PSYoungGen      total 200192K, used 13794K [0x000000076b500000, 0x000000077ba00000, 0x00000007c0000000)
  eden space 184320K, 0% used [0x000000076b500000,0x000000076b500000,0x0000000776900000)
  from space 15872K, 86% used [0x0000000776900000,0x0000000777678840,0x0000000777880000)
  to   space 16896K, 0% used [0x000000077a980000,0x000000077a980000,0x000000077ba00000)
 ParOldGen       total 178176K, used 17283K [0x00000006c1e00000, 0x00000006ccc00000, 0x000000076b500000)
  object space 178176K, 9% used [0x00000006c1e00000,0x00000006c2ee0c20,0x00000006ccc00000)
 Metaspace       used 55632K, capacity 58860K, committed 59136K, reserved 1099776K
  class space    used 7648K, capacity 8192K, committed 8192K, reserved 1048576K
}
Event: 5.719 GC heap before
{Heap before GC invocations=12 (full 3):
 PSYoungGen      total 200192K, used 13794K [0x000000076b500000, 0x000000077ba00000, 0x00000007c0000000)
  eden space 184320K, 0% used [0x000000076b500000,0x000000076b500000,0x0000000776900000)
  from space 15872K, 86% used [0x0000000776900000,0x0000000777678840,0x0000000777880000)
  to   space 16896K, 0% used [0x000000077a980000,0x000000077a980000,0x000000077ba00000)
 ParOldGen       total 178176K, used 17283K [0x00000006c1e00000, 0x00000006ccc00000, 0x000000076b500000)
  object space 178176K, 9% used [0x00000006c1e00000,0x00000006c2ee0c20,0x00000006ccc00000)
 Metaspace       used 55632K, capacity 58860K, committed 59136K, reserved 1099776K
  class space    used 7648K, capacity 8192K, committed 8192K, reserved 1048576K
Event: 5.848 GC heap after
Heap after GC invocations=12 (full 3):
 PSYoungGen      total 200192K, used 0K [0x000000076b500000, 0x000000077ba00000, 0x00000007c0000000)
  eden space 184320K, 0% used [0x000000076b500000,0x000000076b500000,0x0000000776900000)
  from space 15872K, 0% used [0x0000000776900000,0x0000000776900000,0x0000000777880000)
  to   space 16896K, 0% used [0x000000077a980000,0x000000077a980000,0x000000077ba00000)
 ParOldGen       total 254464K, used 25551K [0x00000006c1e00000, 0x00000006d1680000, 0x000000076b500000)
  object space 254464K, 10% used [0x00000006c1e00000,0x00000006c36f3dc0,0x00000006d1680000)
 Metaspace       used 55632K, capacity 58860K, committed 59136K, reserved 1099776K
  class space    used 7648K, capacity 8192K, committed 8192K, reserved 1048576K
}
Event: 7.740 GC heap before
{Heap before GC invocations=13 (full 3):
 PSYoungGen      total 200192K, used 184320K [0x000000076b500000, 0x000000077ba00000, 0x00000007c0000000)
  eden space 184320K, 100% used [0x000000076b500000,0x0000000776900000,0x0000000776900000)
  from space 15872K, 0% used [0x0000000776900000,0x0000000776900000,0x0000000777880000)
  to   space 16896K, 0% used [0x000000077a980000,0x000000077a980000,0x000000077ba00000)
 ParOldGen       total 254464K, used 25551K [0x00000006c1e00000, 0x00000006d1680000, 0x000000076b500000)
  object space 254464K, 10% used [0x00000006c1e00000,0x00000006c36f3dc0,0x00000006d1680000)
 Metaspace       used 63507K, capacity 67462K, committed 67712K, reserved 1107968K
  class space    used 8637K, capacity 9297K, committed 9344K, reserved 1048576K
Event: 7.750 GC heap after
Heap after GC invocations=13 (full 3):
 PSYoungGen      total 229888K, used 10692K [0x000000076b500000, 0x000000077b400000, 0x00000007c0000000)
  eden space 219136K, 0% used [0x000000076b500000,0x000000076b500000,0x0000000778b00000)
  from space 10752K, 99% used [0x000000077a980000,0x000000077b3f11a8,0x000000077b400000)
  to   space 16384K, 0% used [0x0000000779400000,0x0000000779400000,0x000000077a400000)
 ParOldGen       total 254464K, used 25559K [0x00000006c1e00000, 0x00000006d1680000, 0x000000076b500000)
  object space 254464K, 10% used [0x00000006c1e00000,0x00000006c36f5dc0,0x00000006d1680000)
 Metaspace       used 63507K, capacity 67462K, committed 67712K, reserved 1107968K
  class space    used 8637K, capacity 9297K, committed 9344K, reserved 1048576K
}
Event: 9.246 GC heap before
{Heap before GC invocations=14 (full 3):
 PSYoungGen      total 229888K, used 229828K [0x000000076b500000, 0x000000077b400000, 0x00000007c0000000)
  eden space 219136K, 100% used [0x000000076b500000,0x0000000778b00000,0x0000000778b00000)
  from space 10752K, 99% used [0x000000077a980000,0x000000077b3f11a8,0x000000077b400000)
  to   space 16384K, 0% used [0x0000000779400000,0x0000000779400000,0x000000077a400000)
 ParOldGen       total 254464K, used 25559K [0x00000006c1e00000, 0x00000006d1680000, 0x000000076b500000)
  object space 254464K, 10% used [0x00000006c1e00000,0x00000006c36f5dc0,0x00000006d1680000)
 Metaspace       used 69061K, capacity 73308K, committed 73600K, reserved 1112064K
  class space    used 9328K, capacity 10024K, committed 10112K, reserved 1048576K
Event: 9.261 GC heap after
Heap after GC invocations=14 (full 3):
 PSYoungGen      total 235520K, used 16378K [0x000000076b500000, 0x000000077b400000, 0x00000007c0000000)
  eden space 219136K, 0% used [0x000000076b500000,0x000000076b500000,0x0000000778b00000)
  from space 16384K, 99% used [0x0000000779400000,0x000000077a3feb78,0x000000077a400000)
  to   space 10752K, 0% used [0x000000077a980000,0x000000077a980000,0x000000077b400000)
 ParOldGen       total 254464K, used 26876K [0x00000006c1e00000, 0x00000006d1680000, 0x000000076b500000)
  object space 254464K, 10% used [0x00000006c1e00000,0x00000006c383f040,0x00000006d1680000)
 Metaspace       used 69061K, capacity 73308K, committed 73600K, reserved 1112064K
  class space    used 9328K, capacity 10024K, committed 10112K, reserved 1048576K
}

