# JRE version: Java(TM) SE Runtime Environment (8.0_341-b10) (build 1.8.0_341-b10)
# Java VM: Java HotSpot(TM) 64-Bit Server VM (25.341-b10 mixed mode windows-amd64 compressed oops)
Heap:
 PSYoungGen      total 395776K, used 293532K [0x000000076b500000, 0x0000000789c00000, 0x00000007c0000000)
  eden space 363520K, 80% used [0x000000076b500000,0x000000077d3a7390,0x0000000781800000)
  from space 32256K, 0% used [0x0000000781800000,0x0000000781800000,0x0000000783780000)
  to   space 35328K, 0% used [0x0000000787980000,0x0000000787980000,0x0000000789c00000)
 ParOldGen       total 342528K, used 47383K [0x00000006c1e00000, 0x00000006d6c80000, 0x000000076b500000)
  object space 342528K, 13% used [0x00000006c1e00000,0x00000006c4c45d18,0x00000006d6c80000)
 Metaspace       used 94190K, capacity 100586K, committed 100840K, reserved 1136640K
  class space    used 11744K, capacity 12744K, committed 12816K, reserved 1048576K
GC Heap History (10 events):
Event: 12.391 GC heap before
{Heap before GC invocations=15 (full 3):
 PSYoungGen      total 288256K, used 282547K [0x000000076b500000, 0x0000000781280000, 0x00000007c0000000)
  eden space 270336K, 100% used [0x000000076b500000,0x000000077bd00000,0x000000077bd00000)
  from space 17920K, 68% used [0x000000077bd00000,0x000000077c8ecd90,0x000000077ce80000)
  to   space 18432K, 0% used [0x0000000780080000,0x0000000780080000,0x0000000781280000)
 ParOldGen       total 235520K, used 26484K [0x00000006c1e00000, 0x00000006d0400000, 0x000000076b500000)
  object space 235520K, 11% used [0x00000006c1e00000,0x00000006c37dd108,0x00000006d0400000)
 Metaspace       used 70539K, capacity 74788K, committed 75096K, reserved 1114112K
  class space    used 9368K, capacity 10050K, committed 10112K, reserved 1048576K
Event: 12.413 GC heap after
Heap after GC invocations=15 (full 3):
 PSYoungGen      total 337408K, used 18225K [0x000000076b500000, 0x0000000781900000, 0x00000007c0000000)
  eden space 318976K, 0% used [0x000000076b500000,0x000000076b500000,0x000000077ec80000)
  from space 18432K, 98% used [0x0000000780080000,0x000000078124c7d0,0x0000000781280000)
  to   space 20480K, 0% used [0x000000077ec80000,0x000000077ec80000,0x0000000780080000)
 ParOldGen       total 235520K, used 26492K [0x00000006c1e00000, 0x00000006d0400000, 0x000000076b500000)
  object space 235520K, 11% used [0x00000006c1e00000,0x00000006c37df108,0x00000006d0400000)
 Metaspace       used 70539K, capacity 74788K, committed 75096K, reserved 1114112K
  class space    used 9368K, capacity 10050K, committed 10112K, reserved 1048576K
}
Event: 60.704 GC heap before
{Heap before GC invocations=16 (full 3):
 PSYoungGen      total 337408K, used 337201K [0x000000076b500000, 0x0000000781900000, 0x00000007c0000000)
  eden space 318976K, 100% used [0x000000076b500000,0x000000077ec80000,0x000000077ec80000)
  from space 18432K, 98% used [0x0000000780080000,0x000000078124c7d0,0x0000000781280000)
  to   space 20480K, 0% used [0x000000077ec80000,0x000000077ec80000,0x0000000780080000)
 ParOldGen       total 235520K, used 26492K [0x00000006c1e00000, 0x00000006d0400000, 0x000000076b500000)
  object space 235520K, 11% used [0x00000006c1e00000,0x00000006c37df108,0x00000006d0400000)
 Metaspace       used 79649K, capacity 84674K, committed 84824K, reserved 1122304K
  class space    used 10507K, capacity 11311K, committed 11392K, reserved 1048576K
Event: 60.729 GC heap after
Heap after GC invocations=16 (full 3):
 PSYoungGen      total 339456K, used 20462K [0x000000076b500000, 0x0000000785000000, 0x00000007c0000000)
  eden space 318976K, 0% used [0x000000076b500000,0x000000076b500000,0x000000077ec80000)
  from space 20480K, 99% used [0x000000077ec80000,0x000000078007b920,0x0000000780080000)
  to   space 25088K, 0% used [0x0000000783780000,0x0000000783780000,0x0000000785000000)
 ParOldGen       total 235520K, used 31562K [0x00000006c1e00000, 0x00000006d0400000, 0x000000076b500000)
  object space 235520K, 13% used [0x00000006c1e00000,0x00000006c3cd2880,0x00000006d0400000)
 Metaspace       used 79649K, capacity 84674K, committed 84824K, reserved 1122304K
  class space    used 10507K, capacity 11311K, committed 11392K, reserved 1048576K
}
Event: 65.539 GC heap before
{Heap before GC invocations=17 (full 3):
 PSYoungGen      total 339456K, used 339438K [0x000000076b500000, 0x0000000785000000, 0x00000007c0000000)
  eden space 318976K, 100% used [0x000000076b500000,0x000000077ec80000,0x000000077ec80000)
  from space 20480K, 99% used [0x000000077ec80000,0x000000078007b920,0x0000000780080000)
  to   space 25088K, 0% used [0x0000000783780000,0x0000000783780000,0x0000000785000000)
 ParOldGen       total 235520K, used 31562K [0x00000006c1e00000, 0x00000006d0400000, 0x000000076b500000)
  object space 235520K, 13% used [0x00000006c1e00000,0x00000006c3cd2880,0x00000006d0400000)
 Metaspace       used 90723K, capacity 96246K, committed 96344K, reserved 1132544K
  class space    used 11482K, capacity 12346K, committed 12416K, reserved 1048576K
Event: 65.582 GC heap after
Heap after GC invocations=17 (full 3):
 PSYoungGen      total 388608K, used 25058K [0x000000076b500000, 0x0000000786000000, 0x00000007c0000000)
  eden space 363520K, 0% used [0x000000076b500000,0x000000076b500000,0x0000000781800000)
  from space 25088K, 99% used [0x0000000783780000,0x0000000784ff8bb8,0x0000000785000000)
  to   space 32256K, 0% used [0x0000000781800000,0x0000000781800000,0x0000000783780000)
 ParOldGen       total 235520K, used 41311K [0x00000006c1e00000, 0x00000006d0400000, 0x000000076b500000)
  object space 235520K, 17% used [0x00000006c1e00000,0x00000006c4657c58,0x00000006d0400000)
 Metaspace       used 90723K, capacity 96246K, committed 96344K, reserved 1132544K
  class space    used 11482K, capacity 12346K, committed 12416K, reserved 1048576K
}
Event: 68.949 GC heap before
{Heap before GC invocations=18 (full 3):
 PSYoungGen      total 388608K, used 240572K [0x000000076b500000, 0x0000000786000000, 0x00000007c0000000)
  eden space 363520K, 59% used [0x000000076b500000,0x00000007787766a8,0x0000000781800000)
  from space 25088K, 99% used [0x0000000783780000,0x0000000784ff8bb8,0x0000000785000000)
  to   space 32256K, 0% used [0x0000000781800000,0x0000000781800000,0x0000000783780000)
 ParOldGen       total 235520K, used 41311K [0x00000006c1e00000, 0x00000006d0400000, 0x000000076b500000)
  object space 235520K, 17% used [0x00000006c1e00000,0x00000006c4657c58,0x00000006d0400000)
 Metaspace       used 92437K, capacity 98264K, committed 98280K, reserved 1134592K
  class space    used 11591K, capacity 12545K, committed 12560K, reserved 1048576K
Event: 68.985 GC heap after
Heap after GC invocations=18 (full 3):
 PSYoungGen      total 395776K, used 27449K [0x000000076b500000, 0x0000000789c00000, 0x00000007c0000000)
  eden space 363520K, 0% used [0x000000076b500000,0x000000076b500000,0x0000000781800000)
  from space 32256K, 85% used [0x0000000781800000,0x00000007832ce708,0x0000000783780000)
  to   space 35328K, 0% used [0x0000000787980000,0x0000000787980000,0x0000000789c00000)
 ParOldGen       total 235520K, used 41319K [0x00000006c1e00000, 0x00000006d0400000, 0x000000076b500000)
  object space 235520K, 17% used [0x00000006c1e00000,0x00000006c4659c58,0x00000006d0400000)
 Metaspace       used 92437K, capacity 98264K, committed 98280K, reserved 1134592K
  class space    used 11591K, capacity 12545K, committed 12560K, reserved 1048576K
}
Event: 68.985 GC heap before
{Heap before GC invocations=19 (full 4):
 PSYoungGen      total 395776K, used 27449K [0x000000076b500000, 0x0000000789c00000, 0x00000007c0000000)
  eden space 363520K, 0% used [0x000000076b500000,0x000000076b500000,0x0000000781800000)
  from space 32256K, 85% used [0x0000000781800000,0x00000007832ce708,0x0000000783780000)
  to   space 35328K, 0% used [0x0000000787980000,0x0000000787980000,0x0000000789c00000)
 ParOldGen       total 235520K, used 41319K [0x00000006c1e00000, 0x00000006d0400000, 0x000000076b500000)
  object space 235520K, 17% used [0x00000006c1e00000,0x00000006c4659c58,0x00000006d0400000)
 Metaspace       used 92437K, capacity 98264K, committed 98280K, reserved 1134592K
  class space    used 11591K, capacity 12545K, committed 12560K, reserved 1048576K
Event: 69.234 GC heap after
Heap after GC invocations=19 (full 4):
 PSYoungGen      total 395776K, used 0K [0x000000076b500000, 0x0000000789c00000, 0x00000007c0000000)
  eden space 363520K, 0% used [0x000000076b500000,0x000000076b500000,0x0000000781800000)
  from space 32256K, 0% used [0x0000000781800000,0x0000000781800000,0x0000000783780000)
  to   space 35328K, 0% used [0x0000000787980000,0x0000000787980000,0x0000000789c00000)
 ParOldGen       total 342528K, used 47383K [0x00000006c1e00000, 0x00000006d6c80000, 0x000000076b500000)
  object space 342528K, 13% used [0x00000006c1e00000,0x00000006c4c45d18,0x00000006d6c80000)
 Metaspace       used 92437K, capacity 98264K, committed 98280K, reserved 1134592K
  class space    used 11591K, capacity 12545K, committed 12560K, reserved 1048576K
}

